<?xml version="1.0" encoding="UTF-8"?>
<testsuite name="JUnit Jupiter" tests="36" skipped="0" failures="0" errors="0" time="0.082" hostname="DESKTOP-3NJPEH4" timestamp="2017-11-16T16:33:04">
<properties>
[...]
</properties>
<testcase name="cellOutOfColumnRange()" classname="game.MineSweeperTest" time="0.022">
<system-out><![CDATA[
unique-id: [engine:junit-jupiter]/[class:game.MineSweeperTest]/[method:cellOutOfColumnRange()]
display-name: cellOutOfColumnRange()
]]></system-out>
</testcase>
<testcase name="checkGameStatusEnum()" classname="game.MineSweeperTest" time="0.006">
<system-out><![CDATA[
unique-id: [engine:junit-jupiter]/[class:game.MineSweeperTest]/[method:checkGameStatusEnum()]
display-name: checkGameStatusEnum()
]]></system-out>
</testcase>
<testcase name="startGameStatus()" classname="game.MineSweeperTest" time="0">
<system-out><![CDATA[
unique-id: [engine:junit-jupiter]/[class:game.MineSweeperTest]/[method:startGameStatus()]
display-name: startGameStatus()
]]></system-out>
</testcase>
<testcase name="exposeBottomLeftCell()" classname="game.MineSweeperTest" time="0.002">
<system-out><![CDATA[
unique-id: [engine:junit-jupiter]/[class:game.MineSweeperTest]/[method:exposeBottomLeftCell()]
display-name: exposeBottomLeftCell()
]]></system-out>
</testcase>
<testcase name="exposeSealedCell()" classname="game.MineSweeperTest" time="0">
<system-out><![CDATA[
unique-id: [engine:junit-jupiter]/[class:game.MineSweeperTest]/[method:exposeSealedCell()]
display-name: exposeSealedCell()
]]></system-out>
</testcase>
<testcase name="exposeBottomCell()" classname="game.MineSweeperTest" time="0.001">
<system-out><![CDATA[
unique-id: [engine:junit-jupiter]/[class:game.MineSweeperTest]/[method:exposeBottomCell()]
display-name: exposeBottomCell()
]]></system-out>
</testcase>
<testcase name="exposeNeighborCells()" classname="game.MineSweeperTest" time="0">
<system-out><![CDATA[
unique-id: [engine:junit-jupiter]/[class:game.MineSweeperTest]/[method:exposeNeighborCells()]
display-name: exposeNeighborCells()
]]></system-out>
</testcase>
<testcase name="exposeTopRightCell()" classname="game.MineSweeperTest" time="0.001">
<system-out><![CDATA[
unique-id: [engine:junit-jupiter]/[class:game.MineSweeperTest]/[method:exposeTopRightCell()]
display-name: exposeTopRightCell()
]]></system-out>
</testcase>
<testcase name="sealingCell()" classname="game.MineSweeperTest" time="0">
<system-out><![CDATA[
unique-id: [engine:junit-jupiter]/[class:game.MineSweeperTest]/[method:sealingCell()]
display-name: sealingCell()
]]></system-out>
</testcase>
<testcase name="exposeAnExposedCell()" classname="game.MineSweeperTest" time="0.001">
<system-out><![CDATA[
unique-id: [engine:junit-jupiter]/[class:game.MineSweeperTest]/[method:exposeAnExposedCell()]
display-name: exposeAnExposedCell()
]]></system-out>
</testcase>
<testcase name="exposeCellTwiceCallExposeNeighborOfOnce()" classname="game.MineSweeperTest" time="0.001">
<system-out><![CDATA[
unique-id: [engine:junit-jupiter]/[class:game.MineSweeperTest]/[method:exposeCellTwiceCallExposeNeighborOfOnce()]
display-name: exposeCellTwiceCallExposeNeighborOfOnce()
]]></system-out>
</testcase>
<testcase name="gameInProgressWithUnexposedCells()" classname="game.MineSweeperTest" time="0">
<system-out><![CDATA[
unique-id: [engine:junit-jupiter]/[class:game.MineSweeperTest]/[method:gameInProgressWithUnexposedCells()]
display-name: gameInProgressWithUnexposedCells()
]]></system-out>
</testcase>
<testcase name="mineExposedGameStatus()" classname="game.MineSweeperTest" time="0">
<system-out><![CDATA[
unique-id: [engine:junit-jupiter]/[class:game.MineSweeperTest]/[method:mineExposedGameStatus()]
display-name: mineExposedGameStatus()
]]></system-out>
</testcase>
<testcase name="exposeUnexposedCell()" classname="game.MineSweeperTest" time="0">
<system-out><![CDATA[
unique-id: [engine:junit-jupiter]/[class:game.MineSweeperTest]/[method:exposeUnexposedCell()]
display-name: exposeUnexposedCell()
]]></system-out>
</testcase>
<testcase name="exposedSealCellNotAffectingNeighborCells()" classname="game.MineSweeperTest" time="0">
<system-out><![CDATA[
unique-id: [engine:junit-jupiter]/[class:game.MineSweeperTest]/[method:exposedSealCellNotAffectingNeighborCells()]
display-name: exposedSealCellNotAffectingNeighborCells()
]]></system-out>
</testcase>
<testcase name="unsealingCell()" classname="game.MineSweeperTest" time="0.001">
<system-out><![CDATA[
unique-id: [engine:junit-jupiter]/[class:game.MineSweeperTest]/[method:unsealingCell()]
display-name: unsealingCell()
]]></system-out>
</testcase>
<testcase name="exposeTopLeftCell()" classname="game.MineSweeperTest" time="0">
<system-out><![CDATA[
unique-id: [engine:junit-jupiter]/[class:game.MineSweeperTest]/[method:exposeTopLeftCell()]
display-name: exposeTopLeftCell()
]]></system-out>
</testcase>
<testcase name="exposeAdjacentCellNotExposeNeighborCells()" classname="game.MineSweeperTest" time="0.001">
<system-out><![CDATA[
unique-id: [engine:junit-jupiter]/[class:game.MineSweeperTest]/[method:exposeAdjacentCellNotExposeNeighborCells()]
display-name: exposeAdjacentCellNotExposeNeighborCells()
]]></system-out>
</testcase>
<testcase name="sealExposedCell()" classname="game.MineSweeperTest" time="0">
<system-out><![CDATA[
unique-id: [engine:junit-jupiter]/[class:game.MineSweeperTest]/[method:sealExposedCell()]
display-name: sealExposedCell()
]]></system-out>
</testcase>
<testcase name="allSealedAllExposedGameStatus()" classname="game.MineSweeperTest" time="0">
<system-out><![CDATA[
unique-id: [engine:junit-jupiter]/[class:game.MineSweeperTest]/[method:allSealedAllExposedGameStatus()]
display-name: allSealedAllExposedGameStatus()
]]></system-out>
</testcase>
<testcase name="checkCellStateEnum()" classname="game.MineSweeperTest" time="0.001">
<system-out><![CDATA[
unique-id: [engine:junit-jupiter]/[class:game.MineSweeperTest]/[method:checkCellStateEnum()]
display-name: checkCellStateEnum()
]]></system-out>
</testcase>
<testcase name="tenMinesPlacedWhenCreated()" classname="game.MineSweeperTest" time="0.001">
<system-out><![CDATA[
unique-id: [engine:junit-jupiter]/[class:game.MineSweeperTest]/[method:tenMinesPlacedWhenCreated()]
display-name: tenMinesPlacedWhenCreated()
]]></system-out>
</testcase>
<testcase name="mineLocationsAreRandom()" classname="game.MineSweeperTest" time="0">
<system-out><![CDATA[
unique-id: [engine:junit-jupiter]/[class:game.MineSweeperTest]/[method:mineLocationsAreRandom()]
display-name: mineLocationsAreRandom()
]]></system-out>
</testcase>
<testcase name="exposeMinedCellNotExposeNeighborCells()" classname="game.MineSweeperTest" time="0">
<system-out><![CDATA[
unique-id: [engine:junit-jupiter]/[class:game.MineSweeperTest]/[method:exposeMinedCellNotExposeNeighborCells()]
display-name: exposeMinedCellNotExposeNeighborCells()
]]></system-out>
</testcase>
<testcase name="adjacentCellNextToAMinedCell()" classname="game.MineSweeperTest" time="0">
<system-out><![CDATA[
unique-id: [engine:junit-jupiter]/[class:game.MineSweeperTest]/[method:adjacentCellNextToAMinedCell()]
display-name: adjacentCellNextToAMinedCell()
]]></system-out>
</testcase>
<testcase name="exposeBottomRightCell()" classname="game.MineSweeperTest" time="0">
<system-out><![CDATA[
unique-id: [engine:junit-jupiter]/[class:game.MineSweeperTest]/[method:exposeBottomRightCell()]
display-name: exposeBottomRightCell()
]]></system-out>
</testcase>
<testcase name="exposeRightCell()" classname="game.MineSweeperTest" time="0">
<system-out><![CDATA[
unique-id: [engine:junit-jupiter]/[class:game.MineSweeperTest]/[method:exposeRightCell()]
display-name: exposeRightCell()
]]></system-out>
</testcase>
<testcase name="mineCellAdjacentToAMineConsideredAnAdjacentCell()" classname="game.MineSweeperTest" time="0.001">
<system-out><![CDATA[
unique-id: [engine:junit-jupiter]/[class:game.MineSweeperTest]/[method:mineCellAdjacentToAMineConsideredAnAdjacentCell()]
display-name: mineCellAdjacentToAMineConsideredAnAdjacentCell()
]]></system-out>
</testcase>
<testcase name="cellOutOfRowRange()" classname="game.MineSweeperTest" time="0.001">
<system-out><![CDATA[
unique-id: [engine:junit-jupiter]/[class:game.MineSweeperTest]/[method:cellOutOfRowRange()]
display-name: cellOutOfRowRange()
]]></system-out>
</testcase>
<testcase name="minedCellIsConsideredAdjacentCell()" classname="game.MineSweeperTest" time="0">
<system-out><![CDATA[
unique-id: [engine:junit-jupiter]/[class:game.MineSweeperTest]/[method:minedCellIsConsideredAdjacentCell()]
display-name: minedCellIsConsideredAdjacentCell()
]]></system-out>
</testcase>
<testcase name="setMine()" classname="game.MineSweeperTest" time="0.003">
<system-out><![CDATA[
unique-id: [engine:junit-jupiter]/[class:game.MineSweeperTest]/[method:setMine()]
display-name: setMine()
]]></system-out>
</testcase>
<testcase name="Canary()" classname="game.MineSweeperTest" time="0">
<system-out><![CDATA[
unique-id: [engine:junit-jupiter]/[class:game.MineSweeperTest]/[method:Canary()]
display-name: Canary()
]]></system-out>
</testcase>
<testcase name="tenCellsSealedNoWin()" classname="game.MineSweeperTest" time="0">
<system-out><![CDATA[
unique-id: [engine:junit-jupiter]/[class:game.MineSweeperTest]/[method:tenCellsSealedNoWin()]
display-name: tenCellsSealedNoWin()
]]></system-out>
</testcase>
<testcase name="exposeTopCell()" classname="game.MineSweeperTest" time="0">
<system-out><![CDATA[
unique-id: [engine:junit-jupiter]/[class:game.MineSweeperTest]/[method:exposeTopCell()]
display-name: exposeTopCell()
]]></system-out>
</testcase>
<testcase name="exposeCellCallsExposeNeighborOf()" classname="game.MineSweeperTest" time="0">
<system-out><![CDATA[
unique-id: [engine:junit-jupiter]/[class:game.MineSweeperTest]/[method:exposeCellCallsExposeNeighborOf()]
display-name: exposeCellCallsExposeNeighborOf()
]]></system-out>
</testcase>
<testcase name="exposeLeftCell()" classname="game.MineSweeperTest" time="0">
<system-out><![CDATA[
unique-id: [engine:junit-jupiter]/[class:game.MineSweeperTest]/[method:exposeLeftCell()]
display-name: exposeLeftCell()
]]></system-out>
</testcase>
<system-out><![CDATA[
unique-id: [engine:junit-jupiter]
display-name: JUnit Jupiter
]]></system-out>
</testsuite>
